Arguments: 
  C:\Program Files\nodejs\node.exe C:\Users\Santiago\AppData\Roaming\npm\node_modules\yarn\bin\yarn.js add -D @babel/node @babel/core @babel/preset-env @babel-cli

PATH: 
  C:\Program Files\Common Files\Oracle\Java\javapath;C:\WINDOWS\system32;C:\WINDOWS;C:\WINDOWS\System32\Wbem;C:\WINDOWS\System32\WindowsPowerShell\v1.0\;C:\WINDOWS\System32\OpenSSH\;C:\Program Files\Git\cmd;C:\Program Files\nodejs\;C:\Users\Santiago\AppData\Local\Microsoft\WindowsApps;C:\Users\Santiago\AppData\Local\Programs\Microsoft VS Code\bin;C:\Users\Santiago\AppData\Roaming\npm

Yarn version: 
  1.22.11

Node version: 
  14.17.4

Platform: 
  win32 x64

Trace: 
  Error: https://registry.yarnpkg.com/@babel-cli: Request "https://registry.yarnpkg.com/@babel-cli" returned a 405
      at Request.params.callback [as _callback] (C:\Users\Santiago\AppData\Roaming\npm\node_modules\yarn\lib\cli.js:67001:18)
      at Request.self.callback (C:\Users\Santiago\AppData\Roaming\npm\node_modules\yarn\lib\cli.js:140763:22)
      at Request.emit (events.js:400:28)
      at Request.<anonymous> (C:\Users\Santiago\AppData\Roaming\npm\node_modules\yarn\lib\cli.js:141735:10)
      at Request.emit (events.js:400:28)
      at IncomingMessage.<anonymous> (C:\Users\Santiago\AppData\Roaming\npm\node_modules\yarn\lib\cli.js:141657:12)
      at Object.onceWrapper (events.js:519:28)
      at IncomingMessage.emit (events.js:412:35)
      at endReadableNT (internal/streams/readable.js:1317:12)
      at processTicksAndRejections (internal/process/task_queues.js:82:21)

npm manifest: 
  {
    "name": "websocket-test",
    "version": "1.0.0",
    "main": "index.js",
    "license": "MIT"
  }

yarn manifest: 
  No manifest

Lockfile: 
  No lockfile
